Дата и время вызова: 2026-03-17 21:16:17.918501
Имя функции: hello_world
Аргументы: args=(), kwargs={}
Возвращаемое значение: Hello World
----------------------------------------
Дата и время вызова: 2026-03-17 21:16:17.918670
Имя функции: summator
Аргументы: args=(2, 2), kwargs={}
Возвращаемое значение: 4
----------------------------------------
Дата и время вызова: 2026-03-17 21:16:17.919141
Имя функции: div
Аргументы: args=(6, 2), kwargs={}
Возвращаемое значение: 3.0
----------------------------------------
Дата и время вызова: 2026-03-17 21:16:17.919336
Имя функции: summator
Аргументы: args=(4.3,), kwargs={'b': 2.2}
Возвращаемое значение: 6.5
----------------------------------------
