Дата и время вызова: 2026-03-17 21:14:24.916909
Имя функции: hello_world
Аргументы: args=(), kwargs={}
Возвращаемое значение: Hello World
----------------------------------------
Дата и время вызова: 2026-03-17 21:14:24.917130
Имя функции: summator
Аргументы: args=(2, 2), kwargs={}
Возвращаемое значение: 4
----------------------------------------
Дата и время вызова: 2026-03-17 21:14:24.917282
Имя функции: div
Аргументы: args=(6, 2), kwargs={}
Возвращаемое значение: 3.0
----------------------------------------
Дата и время вызова: 2026-03-17 21:14:24.917454
Имя функции: summator
Аргументы: args=(4.3,), kwargs={'b': 2.2}
Возвращаемое значение: 6.5
----------------------------------------
Дата и время вызова: 2026-03-17 21:14:24.917772
Имя функции: summator
Аргументы: args=(), kwargs={'a': 0, 'b': 0}
Возвращаемое значение: 0
----------------------------------------
